<?xml version="1.0" encoding="UTF-8"?>
<!-- Generated by org.testng.reporters.JUnitXMLReporter -->
<testsuite ignored="0" hostname="DESKTOP-DAGEAME" failures="0" tests="16" name="Surefire test" time="38.352" errors="0" timestamp="2024-08-18T19:01:32 IST">
  <testcase classname="api.test.DDTests" name="testPostUser" time="14.718"/>
  <testcase classname="api.test.DDTests" name="testPostUser" time="1.11"/>
  <testcase classname="api.test.DDTests" name="testPostUser" time="1.146"/>
  <testcase classname="api.test.DDTests" name="testPostUser" time="1.168"/>
  <testcase classname="api.test.DDTests" name="testGetUserByName" time="1.157"/>
  <testcase classname="api.test.DDTests" name="testGetUserByName" time="1.104"/>
  <testcase classname="api.test.DDTests" name="testGetUserByName" time="1.102"/>
  <testcase classname="api.test.DDTests" name="testGetUserByName" time="1.139"/>
  <testcase classname="api.test.DDTests" name="testDeleteUserByName" time="1.106"/>
  <testcase classname="api.test.DDTests" name="testDeleteUserByName" time="1.101"/>
  <testcase classname="api.test.DDTests" name="testDeleteUserByName" time="1.036"/>
  <testcase classname="api.test.DDTests" name="testDeleteUserByName" time="1.079"/>
  <testcase classname="api.test.UserTest" name="testPostUser" time="1.156"/>
  <testcase classname="api.test.UserTest" name="testGetUserByName" time="1.096"/>
  <testcase classname="api.test.UserTest" name="testUpdateUserByName" time="2.123"/>
  <testcase classname="api.test.UserTest" name="testDeleteUserByName" time="1.03"/>
</testsuite> <!-- Surefire test -->
