<?xml version="1.0" encoding="UTF-8"?>
<!-- Generated by org.testng.reporters.JUnitXMLReporter -->
<testsuite ignored="0" hostname="DESKTOP-DAGEAME" failures="0" tests="4" name="Default test" time="14.168" errors="0" timestamp="2024-08-16T18:20:12 IST">
  <testcase classname="api.test.UserTest2" name="testPostUser" time="7.096"/>
  <testcase classname="api.test.UserTest2" name="testGetUserByName" time="1.161"/>
  <testcase classname="api.test.UserTest2" name="testUpdateUserByName" time="2.27"/>
  <testcase classname="api.test.UserTest2" name="testDeleteUserByName" time="1.132"/>
</testsuite> <!-- Default test -->
