<?xml version="1.0" encoding="UTF-8"?>
<!-- Generated by org.testng.reporters.JUnitXMLReporter -->
<testsuite ignored="0" hostname="DESKTOP-DAGEAME" failures="0" tests="20" name="Test" time="34.484" errors="0" timestamp="2024-08-16T18:45:49 IST">
  <testcase classname="api.test.UserTest" name="testPostUser" time="5.197"/>
  <testcase classname="api.test.UserTest" name="testGetUserByName" time="1.198"/>
  <testcase classname="api.test.UserTest" name="testUpdateUserByName" time="2.268"/>
  <testcase classname="api.test.UserTest" name="testDeleteUserByName" time="1.082"/>
  <testcase classname="api.test.UserTest2" name="testPostUser" time="1.192"/>
  <testcase classname="api.test.UserTest2" name="testGetUserByName" time="1.233"/>
  <testcase classname="api.test.UserTest2" name="testUpdateUserByName" time="2.293"/>
  <testcase classname="api.test.UserTest2" name="testDeleteUserByName" time="1.104"/>
  <testcase classname="api.test.DDTests" name="testPostUser" time="1.076"/>
  <testcase classname="api.test.DDTests" name="testPostUser" time="1.145"/>
  <testcase classname="api.test.DDTests" name="testPostUser" time="1.14"/>
  <testcase classname="api.test.DDTests" name="testPostUser" time="1.16"/>
  <testcase classname="api.test.DDTests" name="testGetUserByName" time="1.073"/>
  <testcase classname="api.test.DDTests" name="testGetUserByName" time="1.138"/>
  <testcase classname="api.test.DDTests" name="testGetUserByName" time="1.113"/>
  <testcase classname="api.test.DDTests" name="testGetUserByName" time="1.17"/>
  <testcase classname="api.test.DDTests" name="testDeleteUserByName" time="1.072"/>
  <testcase classname="api.test.DDTests" name="testDeleteUserByName" time="1.093"/>
  <testcase classname="api.test.DDTests" name="testDeleteUserByName" time="1.161"/>
  <testcase classname="api.test.DDTests" name="testDeleteUserByName" time="1.073"/>
</testsuite> <!-- Test -->
