<?xml version="1.0" encoding="UTF-8"?>
<testsuite xmlns:xsi="http://www.w3.org/2001/XMLSchema-instance" xsi:noNamespaceSchemaLocation="https://maven.apache.org/surefire/maven-surefire-plugin/xsd/surefire-test-report.xsd" version="3.0.2" name="TestSuite" time="39.663" tests="16" errors="0" skipped="0" failures="0">
  <properties>
[...]
</properties>
  <testcase name="testPostUser[1011, testcase1, John, Canedy, a@gmail.com, test@1, 1234567890](1)" classname="api.test.DDTests" time="14.729">
    <system-out><![CDATA[2024-08-18T13:30:55.360752800Z main ERROR Invalid status level: warm
HTTP/1.1 200 OK
Date: Sun, 18 Aug 2024 13:31:13 GMT
Content-Type: application/json
Transfer-Encoding: chunked
Connection: keep-alive
Access-Control-Allow-Origin: *
Access-Control-Allow-Methods: GET, POST, DELETE, PUT
Access-Control-Allow-Headers: Content-Type, api_key, Authorization
Server: Jetty(9.2.9.v20150224)

{
    "code": 200,
    "type": "unknown",
    "message": "1011"
}
]]></system-out>
    <system-err><![CDATA[SLF4J: Failed to load class "org.slf4j.impl.StaticLoggerBinder".
SLF4J: Defaulting to no-operation (NOP) logger implementation
SLF4J: See http://www.slf4j.org/codes.html#StaticLoggerBinder for further details.
]]></system-err>
  </testcase>
  <testcase name="testPostUser[1012, testcase2, Sonu, Hotu, b@gmail.com, test@12, 1234567890](2)" classname="api.test.DDTests" time="1.127">
    <system-out><![CDATA[HTTP/1.1 200 OK
Date: Sun, 18 Aug 2024 13:31:15 GMT
Content-Type: application/json
Transfer-Encoding: chunked
Connection: keep-alive
Access-Control-Allow-Origin: *
Access-Control-Allow-Methods: GET, POST, DELETE, PUT
Access-Control-Allow-Headers: Content-Type, api_key, Authorization
Server: Jetty(9.2.9.v20150224)

{
    "code": 200,
    "type": "unknown",
    "message": "1012"
}
]]></system-out>
  </testcase>
  <testcase name="testPostUser[1013, testcase3, Monu, Motu, c@gmail.com, test@123, 1234567890](3)" classname="api.test.DDTests" time="1.168">
    <system-out><![CDATA[HTTP/1.1 200 OK
Date: Sun, 18 Aug 2024 13:31:16 GMT
Content-Type: application/json
Transfer-Encoding: chunked
Connection: keep-alive
Access-Control-Allow-Origin: *
Access-Control-Allow-Methods: GET, POST, DELETE, PUT
Access-Control-Allow-Headers: Content-Type, api_key, Authorization
Server: Jetty(9.2.9.v20150224)

{
    "code": 200,
    "type": "unknown",
    "message": "1013"
}
]]></system-out>
  </testcase>
  <testcase name="testPostUser[1014, testcase4, Janu, Gavar, d@gmail.com, test@1345, 1234567890](4)" classname="api.test.DDTests" time="1.139">
    <system-out><![CDATA[HTTP/1.1 200 OK
Date: Sun, 18 Aug 2024 13:31:17 GMT
Content-Type: application/json
Transfer-Encoding: chunked
Connection: keep-alive
Access-Control-Allow-Origin: *
Access-Control-Allow-Methods: GET, POST, DELETE, PUT
Access-Control-Allow-Headers: Content-Type, api_key, Authorization
Server: Jetty(9.2.9.v20150224)

{
    "code": 200,
    "type": "unknown",
    "message": "1014"
}
]]></system-out>
  </testcase>
  <testcase name="testGetUserByName[testcase1](1)" classname="api.test.DDTests" time="1.279">
    <system-out><![CDATA[HTTP/1.1 200 OK
Date: Sun, 18 Aug 2024 13:31:18 GMT
Content-Type: application/json
Transfer-Encoding: chunked
Connection: keep-alive
Access-Control-Allow-Origin: *
Access-Control-Allow-Methods: GET, POST, DELETE, PUT
Access-Control-Allow-Headers: Content-Type, api_key, Authorization
Server: Jetty(9.2.9.v20150224)

{
    "id": 1011,
    "username": "testcase1",
    "firstName": "John",
    "lastName": "Canedy",
    "email": "a@gmail.com",
    "password": "test@1",
    "phone": "1234567890",
    "userStatus": 0
}
]]></system-out>
  </testcase>
  <testcase name="testGetUserByName[testcase2](2)" classname="api.test.DDTests" time="0.995">
    <system-out><![CDATA[HTTP/1.1 200 OK
Date: Sun, 18 Aug 2024 13:31:19 GMT
Content-Type: application/json
Transfer-Encoding: chunked
Connection: keep-alive
Access-Control-Allow-Origin: *
Access-Control-Allow-Methods: GET, POST, DELETE, PUT
Access-Control-Allow-Headers: Content-Type, api_key, Authorization
Server: Jetty(9.2.9.v20150224)

{
    "id": 1012,
    "username": "testcase2",
    "firstName": "Sonu",
    "lastName": "Hotu",
    "email": "b@gmail.com",
    "password": "test@12",
    "phone": "1234567890",
    "userStatus": 0
}
]]></system-out>
  </testcase>
  <testcase name="testGetUserByName[testcase3](3)" classname="api.test.DDTests" time="1.106">
    <system-out><![CDATA[HTTP/1.1 200 OK
Date: Sun, 18 Aug 2024 13:31:20 GMT
Content-Type: application/json
Transfer-Encoding: chunked
Connection: keep-alive
Access-Control-Allow-Origin: *
Access-Control-Allow-Methods: GET, POST, DELETE, PUT
Access-Control-Allow-Headers: Content-Type, api_key, Authorization
Server: Jetty(9.2.9.v20150224)

{
    "id": 1013,
    "username": "testcase3",
    "firstName": "Monu",
    "lastName": "Motu",
    "email": "c@gmail.com",
    "password": "test@123",
    "phone": "1234567890",
    "userStatus": 0
}
]]></system-out>
  </testcase>
  <testcase name="testGetUserByName[testcase4](4)" classname="api.test.DDTests" time="1.128">
    <system-out><![CDATA[HTTP/1.1 200 OK
Date: Sun, 18 Aug 2024 13:31:22 GMT
Content-Type: application/json
Transfer-Encoding: chunked
Connection: keep-alive
Access-Control-Allow-Origin: *
Access-Control-Allow-Methods: GET, POST, DELETE, PUT
Access-Control-Allow-Headers: Content-Type, api_key, Authorization
Server: Jetty(9.2.9.v20150224)

{
    "id": 1014,
    "username": "testcase4",
    "firstName": "Janu",
    "lastName": "Gavar",
    "email": "d@gmail.com",
    "password": "test@1345",
    "phone": "1234567890",
    "userStatus": 0
}
]]></system-out>
  </testcase>
  <testcase name="testDeleteUserByName[testcase1](1)" classname="api.test.DDTests" time="1.131">
    <system-out><![CDATA[HTTP/1.1 200 OK
Date: Sun, 18 Aug 2024 13:31:23 GMT
Content-Type: application/json
Transfer-Encoding: chunked
Connection: keep-alive
Access-Control-Allow-Origin: *
Access-Control-Allow-Methods: GET, POST, DELETE, PUT
Access-Control-Allow-Headers: Content-Type, api_key, Authorization
Server: Jetty(9.2.9.v20150224)

{
    "code": 200,
    "type": "unknown",
    "message": "testcase1"
}
]]></system-out>
  </testcase>
  <testcase name="testDeleteUserByName[testcase2](2)" classname="api.test.DDTests" time="1.099">
    <system-out><![CDATA[HTTP/1.1 200 OK
Date: Sun, 18 Aug 2024 13:31:24 GMT
Content-Type: application/json
Transfer-Encoding: chunked
Connection: keep-alive
Access-Control-Allow-Origin: *
Access-Control-Allow-Methods: GET, POST, DELETE, PUT
Access-Control-Allow-Headers: Content-Type, api_key, Authorization
Server: Jetty(9.2.9.v20150224)

{
    "code": 200,
    "type": "unknown",
    "message": "testcase2"
}
]]></system-out>
  </testcase>
  <testcase name="testDeleteUserByName[testcase3](3)" classname="api.test.DDTests" time="1.039">
    <system-out><![CDATA[HTTP/1.1 200 OK
Date: Sun, 18 Aug 2024 13:31:25 GMT
Content-Type: application/json
Transfer-Encoding: chunked
Connection: keep-alive
Access-Control-Allow-Origin: *
Access-Control-Allow-Methods: GET, POST, DELETE, PUT
Access-Control-Allow-Headers: Content-Type, api_key, Authorization
Server: Jetty(9.2.9.v20150224)

{
    "code": 200,
    "type": "unknown",
    "message": "testcase3"
}
]]></system-out>
  </testcase>
  <testcase name="testDeleteUserByName[testcase4](4)" classname="api.test.DDTests" time="1.067">
    <system-out><![CDATA[HTTP/1.1 200 OK
Date: Sun, 18 Aug 2024 13:31:26 GMT
Content-Type: application/json
Transfer-Encoding: chunked
Connection: keep-alive
Access-Control-Allow-Origin: *
Access-Control-Allow-Methods: GET, POST, DELETE, PUT
Access-Control-Allow-Headers: Content-Type, api_key, Authorization
Server: Jetty(9.2.9.v20150224)

{
    "code": 200,
    "type": "unknown",
    "message": "testcase4"
}
]]></system-out>
  </testcase>
  <testcase name="testPostUser" classname="api.test.UserTest" time="1.185">
    <system-out><![CDATA[HTTP/1.1 200 OK
Date: Sun, 18 Aug 2024 13:31:28 GMT
Content-Type: application/json
Transfer-Encoding: chunked
Connection: keep-alive
Access-Control-Allow-Origin: *
Access-Control-Allow-Methods: GET, POST, DELETE, PUT
Access-Control-Allow-Headers: Content-Type, api_key, Authorization
Server: Jetty(9.2.9.v20150224)

{
    "code": 200,
    "type": "unknown",
    "message": "811249375"
}
]]></system-out>
  </testcase>
  <testcase name="testGetUserByName" classname="api.test.UserTest" time="1.085">
    <system-out><![CDATA[HTTP/1.1 200 OK
Date: Sun, 18 Aug 2024 13:31:29 GMT
Content-Type: application/json
Transfer-Encoding: chunked
Connection: keep-alive
Access-Control-Allow-Origin: *
Access-Control-Allow-Methods: GET, POST, DELETE, PUT
Access-Control-Allow-Headers: Content-Type, api_key, Authorization
Server: Jetty(9.2.9.v20150224)

{
    "id": 811249375,
    "username": "savannah.dickinson",
    "firstName": "Jule",
    "lastName": "Franecki",
    "email": "kim.hoeger@example.com",
    "password": "0f9sqk7z",
    "phone": "084-643-7937",
    "userStatus": 0
}
]]></system-out>
  </testcase>
  <testcase name="testUpdateUserByName" classname="api.test.UserTest" time="2.117">
    <system-out><![CDATA[HTTP/1.1 200 OK
Date: Sun, 18 Aug 2024 13:31:30 GMT
Content-Type: application/json
Transfer-Encoding: chunked
Connection: keep-alive
Access-Control-Allow-Origin: *
Access-Control-Allow-Methods: GET, POST, DELETE, PUT
Access-Control-Allow-Headers: Content-Type, api_key, Authorization
Server: Jetty(9.2.9.v20150224)

{
    "code": 200,
    "type": "unknown",
    "message": "811249375"
}
HTTP/1.1 200 OK
Date: Sun, 18 Aug 2024 13:31:31 GMT
Content-Type: application/json
Transfer-Encoding: chunked
Connection: keep-alive
Access-Control-Allow-Origin: *
Access-Control-Allow-Methods: GET, POST, DELETE, PUT
Access-Control-Allow-Headers: Content-Type, api_key, Authorization
Server: Jetty(9.2.9.v20150224)

{
    "id": 811249375,
    "username": "savannah.dickinson",
    "firstName": "Annamaria",
    "lastName": "Morissette",
    "email": "cletus.zieme@example.com",
    "password": "9ggbgdpvv",
    "phone": "1-041-821-9524",
    "userStatus": 0
}
]]></system-out>
  </testcase>
  <testcase name="testDeleteUserByName" classname="api.test.UserTest" time="1.031">
    <system-out><![CDATA[HTTP/1.1 200 OK
Date: Sun, 18 Aug 2024 13:31:32 GMT
Content-Type: application/json
Transfer-Encoding: chunked
Connection: keep-alive
Access-Control-Allow-Origin: *
Access-Control-Allow-Methods: GET, POST, DELETE, PUT
Access-Control-Allow-Headers: Content-Type, api_key, Authorization
Server: Jetty(9.2.9.v20150224)

{
    "code": 200,
    "type": "unknown",
    "message": "savannah.dickinson"
}
]]></system-out>
  </testcase>
</testsuite>