<?xml version="1.0" encoding="UTF-8"?>
<testng-results ignored="0" total="16" passed="16" failed="0" skipped="0">
  <reporter-output>
  </reporter-output>
  <suite started-at="2024-08-18T19:00:54 IST" name="Surefire suite" finished-at="2024-08-18T19:01:32 IST" duration-ms="38352">
    <groups>
    </groups>
    <test started-at="2024-08-18T19:00:54 IST" name="Surefire test" finished-at="2024-08-18T19:01:32 IST" duration-ms="38352">
      <class name="api.test.UserTest">
        <test-method is-config="true" signature="setUpData()[pri:0, instance:api.test.UserTest@48fa0f47]" started-at="2024-08-18T19:01:26 IST" name="setUpData" finished-at="2024-08-18T19:01:26 IST" duration-ms="554" status="PASS">
          <reporter-output>
          </reporter-output>
        </test-method> <!-- setUpData -->
        <test-method signature="testPostUser()[pri:1, instance:api.test.UserTest@48fa0f47]" started-at="2024-08-18T19:01:26 IST" name="testPostUser" finished-at="2024-08-18T19:01:28 IST" duration-ms="1156" status="PASS">
          <reporter-output>
          </reporter-output>
        </test-method> <!-- testPostUser -->
        <test-method signature="testGetUserByName()[pri:2, instance:api.test.UserTest@48fa0f47]" started-at="2024-08-18T19:01:28 IST" name="testGetUserByName" finished-at="2024-08-18T19:01:29 IST" duration-ms="1096" status="PASS">
          <reporter-output>
          </reporter-output>
        </test-method> <!-- testGetUserByName -->
        <test-method signature="testUpdateUserByName()[pri:3, instance:api.test.UserTest@48fa0f47]" started-at="2024-08-18T19:01:29 IST" name="testUpdateUserByName" finished-at="2024-08-18T19:01:31 IST" duration-ms="2123" status="PASS">
          <reporter-output>
          </reporter-output>
        </test-method> <!-- testUpdateUserByName -->
        <test-method signature="testDeleteUserByName()[pri:4, instance:api.test.UserTest@48fa0f47]" started-at="2024-08-18T19:01:31 IST" name="testDeleteUserByName" finished-at="2024-08-18T19:01:32 IST" duration-ms="1030" status="PASS">
          <reporter-output>
          </reporter-output>
        </test-method> <!-- testDeleteUserByName -->
      </class> <!-- api.test.UserTest -->
      <class name="api.test.DDTests">
        <test-method signature="testPostUser(java.lang.String,java.lang.String,java.lang.String,java.lang.String,java.lang.String,java.lang.String,java.lang.String)[pri:1, instance:api.test.DDTests@60dcc9fe]" started-at="2024-08-18T19:00:59 IST" name="testPostUser" data-provider="Data" finished-at="2024-08-18T19:01:13 IST" duration-ms="14718" status="PASS">
          <params>
            <param index="0">
              <value>
                <![CDATA[1011]]>
              </value>
            </param>
            <param index="1">
              <value>
                <![CDATA[testcase1]]>
              </value>
            </param>
            <param index="2">
              <value>
                <![CDATA[John]]>
              </value>
            </param>
            <param index="3">
              <value>
                <![CDATA[Canedy]]>
              </value>
            </param>
            <param index="4">
              <value>
                <![CDATA[a@gmail.com]]>
              </value>
            </param>
            <param index="5">
              <value>
                <![CDATA[test@1]]>
              </value>
            </param>
            <param index="6">
              <value>
                <![CDATA[1234567890]]>
              </value>
            </param>
          </params>
          <reporter-output>
          </reporter-output>
        </test-method> <!-- testPostUser -->
        <test-method signature="testPostUser(java.lang.String,java.lang.String,java.lang.String,java.lang.String,java.lang.String,java.lang.String,java.lang.String)[pri:1, instance:api.test.DDTests@60dcc9fe]" started-at="2024-08-18T19:01:13 IST" name="testPostUser" data-provider="Data" finished-at="2024-08-18T19:01:14 IST" duration-ms="1110" status="PASS">
          <params>
            <param index="0">
              <value>
                <![CDATA[1012]]>
              </value>
            </param>
            <param index="1">
              <value>
                <![CDATA[testcase2]]>
              </value>
            </param>
            <param index="2">
              <value>
                <![CDATA[Sonu]]>
              </value>
            </param>
            <param index="3">
              <value>
                <![CDATA[Hotu]]>
              </value>
            </param>
            <param index="4">
              <value>
                <![CDATA[b@gmail.com]]>
              </value>
            </param>
            <param index="5">
              <value>
                <![CDATA[test@12]]>
              </value>
            </param>
            <param index="6">
              <value>
                <![CDATA[1234567890]]>
              </value>
            </param>
          </params>
          <reporter-output>
          </reporter-output>
        </test-method> <!-- testPostUser -->
        <test-method signature="testPostUser(java.lang.String,java.lang.String,java.lang.String,java.lang.String,java.lang.String,java.lang.String,java.lang.String)[pri:1, instance:api.test.DDTests@60dcc9fe]" started-at="2024-08-18T19:01:14 IST" name="testPostUser" data-provider="Data" finished-at="2024-08-18T19:01:16 IST" duration-ms="1146" status="PASS">
          <params>
            <param index="0">
              <value>
                <![CDATA[1013]]>
              </value>
            </param>
            <param index="1">
              <value>
                <![CDATA[testcase3]]>
              </value>
            </param>
            <param index="2">
              <value>
                <![CDATA[Monu]]>
              </value>
            </param>
            <param index="3">
              <value>
                <![CDATA[Motu]]>
              </value>
            </param>
            <param index="4">
              <value>
                <![CDATA[c@gmail.com]]>
              </value>
            </param>
            <param index="5">
              <value>
                <![CDATA[test@123]]>
              </value>
            </param>
            <param index="6">
              <value>
                <![CDATA[1234567890]]>
              </value>
            </param>
          </params>
          <reporter-output>
          </reporter-output>
        </test-method> <!-- testPostUser -->
        <test-method signature="testPostUser(java.lang.String,java.lang.String,java.lang.String,java.lang.String,java.lang.String,java.lang.String,java.lang.String)[pri:1, instance:api.test.DDTests@60dcc9fe]" started-at="2024-08-18T19:01:16 IST" name="testPostUser" data-provider="Data" finished-at="2024-08-18T19:01:17 IST" duration-ms="1168" status="PASS">
          <params>
            <param index="0">
              <value>
                <![CDATA[1014]]>
              </value>
            </param>
            <param index="1">
              <value>
                <![CDATA[testcase4]]>
              </value>
            </param>
            <param index="2">
              <value>
                <![CDATA[Janu]]>
              </value>
            </param>
            <param index="3">
              <value>
                <![CDATA[Gavar]]>
              </value>
            </param>
            <param index="4">
              <value>
                <![CDATA[d@gmail.com]]>
              </value>
            </param>
            <param index="5">
              <value>
                <![CDATA[test@1345]]>
              </value>
            </param>
            <param index="6">
              <value>
                <![CDATA[1234567890]]>
              </value>
            </param>
          </params>
          <reporter-output>
          </reporter-output>
        </test-method> <!-- testPostUser -->
        <test-method signature="testGetUserByName(java.lang.String)[pri:2, instance:api.test.DDTests@60dcc9fe]" started-at="2024-08-18T19:01:17 IST" name="testGetUserByName" data-provider="UserNames" finished-at="2024-08-18T19:01:18 IST" duration-ms="1157" status="PASS">
          <params>
            <param index="0">
              <value>
                <![CDATA[testcase1]]>
              </value>
            </param>
          </params>
          <reporter-output>
          </reporter-output>
        </test-method> <!-- testGetUserByName -->
        <test-method signature="testGetUserByName(java.lang.String)[pri:2, instance:api.test.DDTests@60dcc9fe]" started-at="2024-08-18T19:01:18 IST" name="testGetUserByName" data-provider="UserNames" finished-at="2024-08-18T19:01:19 IST" duration-ms="1104" status="PASS">
          <params>
            <param index="0">
              <value>
                <![CDATA[testcase2]]>
              </value>
            </param>
          </params>
          <reporter-output>
          </reporter-output>
        </test-method> <!-- testGetUserByName -->
        <test-method signature="testGetUserByName(java.lang.String)[pri:2, instance:api.test.DDTests@60dcc9fe]" started-at="2024-08-18T19:01:19 IST" name="testGetUserByName" data-provider="UserNames" finished-at="2024-08-18T19:01:20 IST" duration-ms="1102" status="PASS">
          <params>
            <param index="0">
              <value>
                <![CDATA[testcase3]]>
              </value>
            </param>
          </params>
          <reporter-output>
          </reporter-output>
        </test-method> <!-- testGetUserByName -->
        <test-method signature="testGetUserByName(java.lang.String)[pri:2, instance:api.test.DDTests@60dcc9fe]" started-at="2024-08-18T19:01:20 IST" name="testGetUserByName" data-provider="UserNames" finished-at="2024-08-18T19:01:21 IST" duration-ms="1139" status="PASS">
          <params>
            <param index="0">
              <value>
                <![CDATA[testcase4]]>
              </value>
            </param>
          </params>
          <reporter-output>
          </reporter-output>
        </test-method> <!-- testGetUserByName -->
        <test-method signature="testDeleteUserByName(java.lang.String)[pri:3, instance:api.test.DDTests@60dcc9fe]" started-at="2024-08-18T19:01:22 IST" name="testDeleteUserByName" data-provider="UserNames" finished-at="2024-08-18T19:01:23 IST" duration-ms="1106" status="PASS">
          <params>
            <param index="0">
              <value>
                <![CDATA[testcase1]]>
              </value>
            </param>
          </params>
          <reporter-output>
          </reporter-output>
        </test-method> <!-- testDeleteUserByName -->
        <test-method signature="testDeleteUserByName(java.lang.String)[pri:3, instance:api.test.DDTests@60dcc9fe]" started-at="2024-08-18T19:01:23 IST" name="testDeleteUserByName" data-provider="UserNames" finished-at="2024-08-18T19:01:24 IST" duration-ms="1101" status="PASS">
          <params>
            <param index="0">
              <value>
                <![CDATA[testcase2]]>
              </value>
            </param>
          </params>
          <reporter-output>
          </reporter-output>
        </test-method> <!-- testDeleteUserByName -->
        <test-method signature="testDeleteUserByName(java.lang.String)[pri:3, instance:api.test.DDTests@60dcc9fe]" started-at="2024-08-18T19:01:24 IST" name="testDeleteUserByName" data-provider="UserNames" finished-at="2024-08-18T19:01:25 IST" duration-ms="1036" status="PASS">
          <params>
            <param index="0">
              <value>
                <![CDATA[testcase3]]>
              </value>
            </param>
          </params>
          <reporter-output>
          </reporter-output>
        </test-method> <!-- testDeleteUserByName -->
        <test-method signature="testDeleteUserByName(java.lang.String)[pri:3, instance:api.test.DDTests@60dcc9fe]" started-at="2024-08-18T19:01:25 IST" name="testDeleteUserByName" data-provider="UserNames" finished-at="2024-08-18T19:01:26 IST" duration-ms="1079" status="PASS">
          <params>
            <param index="0">
              <value>
                <![CDATA[testcase4]]>
              </value>
            </param>
          </params>
          <reporter-output>
          </reporter-output>
        </test-method> <!-- testDeleteUserByName -->
      </class> <!-- api.test.DDTests -->
    </test> <!-- Surefire test -->
  </suite> <!-- Surefire suite -->
</testng-results>
