<?xml version="1.0" encoding="UTF-8"?>
<testng-results ignored="0" total="20" passed="20" failed="0" skipped="0">
  <reporter-output>
  </reporter-output>
  <suite started-at="2024-08-16T18:45:13 IST" name="Suite" finished-at="2024-08-16T18:45:48 IST" duration-ms="34484">
    <groups>
    </groups>
    <test started-at="2024-08-16T18:45:13 IST" name="Test" finished-at="2024-08-16T18:45:48 IST" duration-ms="34484">
      <class name="api.test.UserTest">
        <test-method is-config="true" signature="setUpData()[pri:0, instance:api.test.UserTest@72cc7e6f]" started-at="2024-08-16T18:45:14 IST" name="setUpData" finished-at="2024-08-16T18:45:16 IST" duration-ms="1507" status="PASS">
          <reporter-output>
          </reporter-output>
        </test-method> <!-- setUpData -->
        <test-method signature="testPostUser()[pri:1, instance:api.test.UserTest@72cc7e6f]" started-at="2024-08-16T18:45:16 IST" name="testPostUser" finished-at="2024-08-16T18:45:21 IST" duration-ms="5197" status="PASS">
          <reporter-output>
          </reporter-output>
        </test-method> <!-- testPostUser -->
        <test-method signature="testGetUserByName()[pri:2, instance:api.test.UserTest@72cc7e6f]" started-at="2024-08-16T18:45:21 IST" name="testGetUserByName" finished-at="2024-08-16T18:45:22 IST" duration-ms="1198" status="PASS">
          <reporter-output>
          </reporter-output>
        </test-method> <!-- testGetUserByName -->
        <test-method signature="testUpdateUserByName()[pri:3, instance:api.test.UserTest@72cc7e6f]" started-at="2024-08-16T18:45:22 IST" name="testUpdateUserByName" finished-at="2024-08-16T18:45:24 IST" duration-ms="2268" status="PASS">
          <reporter-output>
          </reporter-output>
        </test-method> <!-- testUpdateUserByName -->
        <test-method signature="testDeleteUserByName()[pri:4, instance:api.test.UserTest@72cc7e6f]" started-at="2024-08-16T18:45:24 IST" name="testDeleteUserByName" finished-at="2024-08-16T18:45:25 IST" duration-ms="1082" status="PASS">
          <reporter-output>
          </reporter-output>
        </test-method> <!-- testDeleteUserByName -->
      </class> <!-- api.test.UserTest -->
      <class name="api.test.UserTest2">
        <test-method is-config="true" signature="setUpData()[pri:0, instance:api.test.UserTest2@7a35b0f5]" started-at="2024-08-16T18:45:25 IST" name="setUpData" finished-at="2024-08-16T18:45:25 IST" duration-ms="107" status="PASS">
          <reporter-output>
          </reporter-output>
        </test-method> <!-- setUpData -->
        <test-method signature="testPostUser()[pri:1, instance:api.test.UserTest2@7a35b0f5]" started-at="2024-08-16T18:45:25 IST" name="testPostUser" finished-at="2024-08-16T18:45:27 IST" duration-ms="1192" status="PASS">
          <reporter-output>
          </reporter-output>
        </test-method> <!-- testPostUser -->
        <test-method signature="testGetUserByName()[pri:2, instance:api.test.UserTest2@7a35b0f5]" started-at="2024-08-16T18:45:27 IST" name="testGetUserByName" finished-at="2024-08-16T18:45:28 IST" duration-ms="1233" status="PASS">
          <reporter-output>
          </reporter-output>
        </test-method> <!-- testGetUserByName -->
        <test-method signature="testUpdateUserByName()[pri:3, instance:api.test.UserTest2@7a35b0f5]" started-at="2024-08-16T18:45:28 IST" name="testUpdateUserByName" finished-at="2024-08-16T18:45:30 IST" duration-ms="2293" status="PASS">
          <reporter-output>
          </reporter-output>
        </test-method> <!-- testUpdateUserByName -->
        <test-method signature="testDeleteUserByName()[pri:4, instance:api.test.UserTest2@7a35b0f5]" started-at="2024-08-16T18:45:30 IST" name="testDeleteUserByName" finished-at="2024-08-16T18:45:31 IST" duration-ms="1104" status="PASS">
          <reporter-output>
          </reporter-output>
        </test-method> <!-- testDeleteUserByName -->
      </class> <!-- api.test.UserTest2 -->
      <class name="api.test.DDTests">
        <test-method signature="testPostUser(java.lang.String,java.lang.String,java.lang.String,java.lang.String,java.lang.String,java.lang.String,java.lang.String)[pri:1, instance:api.test.DDTests@5e2c3d18]" started-at="2024-08-16T18:45:34 IST" name="testPostUser" data-provider="Data" finished-at="2024-08-16T18:45:35 IST" duration-ms="1076" status="PASS">
          <params>
            <param index="0">
              <value>
                <![CDATA[1011]]>
              </value>
            </param>
            <param index="1">
              <value>
                <![CDATA[testcase1]]>
              </value>
            </param>
            <param index="2">
              <value>
                <![CDATA[John]]>
              </value>
            </param>
            <param index="3">
              <value>
                <![CDATA[Canedy]]>
              </value>
            </param>
            <param index="4">
              <value>
                <![CDATA[a@gmail.com]]>
              </value>
            </param>
            <param index="5">
              <value>
                <![CDATA[test@1]]>
              </value>
            </param>
            <param index="6">
              <value>
                <![CDATA[1234567890]]>
              </value>
            </param>
          </params>
          <reporter-output>
          </reporter-output>
        </test-method> <!-- testPostUser -->
        <test-method signature="testPostUser(java.lang.String,java.lang.String,java.lang.String,java.lang.String,java.lang.String,java.lang.String,java.lang.String)[pri:1, instance:api.test.DDTests@5e2c3d18]" started-at="2024-08-16T18:45:35 IST" name="testPostUser" data-provider="Data" finished-at="2024-08-16T18:45:36 IST" duration-ms="1145" status="PASS">
          <params>
            <param index="0">
              <value>
                <![CDATA[1012]]>
              </value>
            </param>
            <param index="1">
              <value>
                <![CDATA[testcase2]]>
              </value>
            </param>
            <param index="2">
              <value>
                <![CDATA[Sonu]]>
              </value>
            </param>
            <param index="3">
              <value>
                <![CDATA[Hotu]]>
              </value>
            </param>
            <param index="4">
              <value>
                <![CDATA[b@gmail.com]]>
              </value>
            </param>
            <param index="5">
              <value>
                <![CDATA[test@12]]>
              </value>
            </param>
            <param index="6">
              <value>
                <![CDATA[1234567890]]>
              </value>
            </param>
          </params>
          <reporter-output>
          </reporter-output>
        </test-method> <!-- testPostUser -->
        <test-method signature="testPostUser(java.lang.String,java.lang.String,java.lang.String,java.lang.String,java.lang.String,java.lang.String,java.lang.String)[pri:1, instance:api.test.DDTests@5e2c3d18]" started-at="2024-08-16T18:45:36 IST" name="testPostUser" data-provider="Data" finished-at="2024-08-16T18:45:37 IST" duration-ms="1140" status="PASS">
          <params>
            <param index="0">
              <value>
                <![CDATA[1013]]>
              </value>
            </param>
            <param index="1">
              <value>
                <![CDATA[testcase3]]>
              </value>
            </param>
            <param index="2">
              <value>
                <![CDATA[Monu]]>
              </value>
            </param>
            <param index="3">
              <value>
                <![CDATA[Motu]]>
              </value>
            </param>
            <param index="4">
              <value>
                <![CDATA[c@gmail.com]]>
              </value>
            </param>
            <param index="5">
              <value>
                <![CDATA[test@123]]>
              </value>
            </param>
            <param index="6">
              <value>
                <![CDATA[1234567890]]>
              </value>
            </param>
          </params>
          <reporter-output>
          </reporter-output>
        </test-method> <!-- testPostUser -->
        <test-method signature="testPostUser(java.lang.String,java.lang.String,java.lang.String,java.lang.String,java.lang.String,java.lang.String,java.lang.String)[pri:1, instance:api.test.DDTests@5e2c3d18]" started-at="2024-08-16T18:45:37 IST" name="testPostUser" data-provider="Data" finished-at="2024-08-16T18:45:39 IST" duration-ms="1160" status="PASS">
          <params>
            <param index="0">
              <value>
                <![CDATA[1014]]>
              </value>
            </param>
            <param index="1">
              <value>
                <![CDATA[testcase4]]>
              </value>
            </param>
            <param index="2">
              <value>
                <![CDATA[Janu]]>
              </value>
            </param>
            <param index="3">
              <value>
                <![CDATA[Gavar]]>
              </value>
            </param>
            <param index="4">
              <value>
                <![CDATA[d@gmail.com]]>
              </value>
            </param>
            <param index="5">
              <value>
                <![CDATA[test@1345]]>
              </value>
            </param>
            <param index="6">
              <value>
                <![CDATA[1234567890]]>
              </value>
            </param>
          </params>
          <reporter-output>
          </reporter-output>
        </test-method> <!-- testPostUser -->
        <test-method signature="testGetUserByName(java.lang.String)[pri:2, instance:api.test.DDTests@5e2c3d18]" started-at="2024-08-16T18:45:39 IST" name="testGetUserByName" data-provider="UserNames" finished-at="2024-08-16T18:45:40 IST" duration-ms="1073" status="PASS">
          <params>
            <param index="0">
              <value>
                <![CDATA[testcase1]]>
              </value>
            </param>
          </params>
          <reporter-output>
          </reporter-output>
        </test-method> <!-- testGetUserByName -->
        <test-method signature="testGetUserByName(java.lang.String)[pri:2, instance:api.test.DDTests@5e2c3d18]" started-at="2024-08-16T18:45:40 IST" name="testGetUserByName" data-provider="UserNames" finished-at="2024-08-16T18:45:41 IST" duration-ms="1138" status="PASS">
          <params>
            <param index="0">
              <value>
                <![CDATA[testcase2]]>
              </value>
            </param>
          </params>
          <reporter-output>
          </reporter-output>
        </test-method> <!-- testGetUserByName -->
        <test-method signature="testGetUserByName(java.lang.String)[pri:2, instance:api.test.DDTests@5e2c3d18]" started-at="2024-08-16T18:45:41 IST" name="testGetUserByName" data-provider="UserNames" finished-at="2024-08-16T18:45:42 IST" duration-ms="1113" status="PASS">
          <params>
            <param index="0">
              <value>
                <![CDATA[testcase3]]>
              </value>
            </param>
          </params>
          <reporter-output>
          </reporter-output>
        </test-method> <!-- testGetUserByName -->
        <test-method signature="testGetUserByName(java.lang.String)[pri:2, instance:api.test.DDTests@5e2c3d18]" started-at="2024-08-16T18:45:42 IST" name="testGetUserByName" data-provider="UserNames" finished-at="2024-08-16T18:45:43 IST" duration-ms="1170" status="PASS">
          <params>
            <param index="0">
              <value>
                <![CDATA[testcase4]]>
              </value>
            </param>
          </params>
          <reporter-output>
          </reporter-output>
        </test-method> <!-- testGetUserByName -->
        <test-method signature="testDeleteUserByName(java.lang.String)[pri:3, instance:api.test.DDTests@5e2c3d18]" started-at="2024-08-16T18:45:44 IST" name="testDeleteUserByName" data-provider="UserNames" finished-at="2024-08-16T18:45:45 IST" duration-ms="1072" status="PASS">
          <params>
            <param index="0">
              <value>
                <![CDATA[testcase1]]>
              </value>
            </param>
          </params>
          <reporter-output>
          </reporter-output>
        </test-method> <!-- testDeleteUserByName -->
        <test-method signature="testDeleteUserByName(java.lang.String)[pri:3, instance:api.test.DDTests@5e2c3d18]" started-at="2024-08-16T18:45:45 IST" name="testDeleteUserByName" data-provider="UserNames" finished-at="2024-08-16T18:45:46 IST" duration-ms="1093" status="PASS">
          <params>
            <param index="0">
              <value>
                <![CDATA[testcase2]]>
              </value>
            </param>
          </params>
          <reporter-output>
          </reporter-output>
        </test-method> <!-- testDeleteUserByName -->
        <test-method signature="testDeleteUserByName(java.lang.String)[pri:3, instance:api.test.DDTests@5e2c3d18]" started-at="2024-08-16T18:45:46 IST" name="testDeleteUserByName" data-provider="UserNames" finished-at="2024-08-16T18:45:47 IST" duration-ms="1161" status="PASS">
          <params>
            <param index="0">
              <value>
                <![CDATA[testcase3]]>
              </value>
            </param>
          </params>
          <reporter-output>
          </reporter-output>
        </test-method> <!-- testDeleteUserByName -->
        <test-method signature="testDeleteUserByName(java.lang.String)[pri:3, instance:api.test.DDTests@5e2c3d18]" started-at="2024-08-16T18:45:47 IST" name="testDeleteUserByName" data-provider="UserNames" finished-at="2024-08-16T18:45:48 IST" duration-ms="1073" status="PASS">
          <params>
            <param index="0">
              <value>
                <![CDATA[testcase4]]>
              </value>
            </param>
          </params>
          <reporter-output>
          </reporter-output>
        </test-method> <!-- testDeleteUserByName -->
      </class> <!-- api.test.DDTests -->
    </test> <!-- Test -->
  </suite> <!-- Suite -->
</testng-results>
